#
# There is insufficient memory for the Java Runtime Environment to continue.
# Native memory allocation (malloc) failed to allocate 870016 bytes. Error detail: Chunk::new
# Possible reasons:
#   The system is out of physical RAM or swap space
#   This process is running with CompressedOops enabled, and the Java Heap may be blocking the growth of the native heap
# Possible solutions:
#   Reduce memory load on the system
#   Increase physical memory or swap space
#   Check if swap backing store is full
#   Decrease Java heap size (-Xmx/-Xms)
#   Decrease number of Java threads
#   Decrease Java thread stack sizes (-Xss)
#   Set larger code cache with -XX:ReservedCodeCacheSize=
#   JVM is running with Unscaled Compressed Oops mode in which the Java heap is
#     placed in the first 4GB address space. The Java Heap base address is the
#     maximum limit for the native heap growth. Please use -XX:HeapBaseMinAddress
#     to set the Java Heap base and to place the Java Heap above 4GB virtual address.
# This output file may be truncated or incomplete.
#
#  Out of Memory Error (arena.cpp:168), pid=30672, tid=11684
#
# JRE version: OpenJDK Runtime Environment Temurin-21.0.6+7 (21.0.6+7) (build 21.0.6+7-LTS)
# Java VM: OpenJDK 64-Bit Server VM Temurin-21.0.6+7 (21.0.6+7-LTS, mixed mode, sharing, tiered, compressed oops, compressed class ptrs, parallel gc, windows-amd64)
# No core dump will be written. Minidumps are not enabled by default on client versions of Windows
#

---------------  S U M M A R Y ------------

Command Line: --add-modules=ALL-SYSTEM --add-opens=java.base/java.util=ALL-UNNAMED --add-opens=java.base/java.lang=ALL-UNNAMED --add-opens=java.base/sun.nio.fs=ALL-UNNAMED -Declipse.application=org.eclipse.jdt.ls.core.id1 -Dosgi.bundles.defaultStartLevel=4 -Declipse.product=org.eclipse.jdt.ls.core.product -Djava.import.generatesMetadataFilesAtProjectRoot=false -DDetectVMInstallationsJob.disabled=true -Dfile.encoding=utf8 -XX:+UseParallelGC -XX:GCTimeRatio=4 -XX:AdaptiveSizePolicyWeight=90 -Dsun.zip.disableMemoryMapping=true -Xmx1G -Xms100m -Xlog:disable -javaagent:c:\Users\carlo\.vscode\extensions\redhat.java-1.41.0-win32-x64\lombok\lombok-1.18.36.jar c:\Users\carlo\.vscode\extensions\redhat.java-1.41.0-win32-x64\server\plugins\org.eclipse.equinox.launcher_1.6.1100.v20250306-0509.jar -configuration c:\Users\carlo\AppData\Roaming\Code\User\globalStorage\redhat.java\1.41.0\config_ss_win -data c:\Users\carlo\AppData\Roaming\Code\User\workspaceStorage\94264760f8226b576614787c624585c3\redhat.java\ss_ws --pipe=\\.\pipe\lsp-0cb0ad05a8061ab9d149a5cd02500967-sock

Host: Intel(R) Core(TM) i5-9400F CPU @ 2.90GHz, 6 cores, 15G,  Windows 11 , 64 bit Build 26100 (10.0.26100.3323)
Time: Sun Mar 30 23:23:04 2025 SA Pacific Standard Time elapsed time: 3.041974 seconds (0d 0h 0m 3s)

---------------  T H R E A D  ---------------

Current thread (0x000001c46e04bde0):  JavaThread "C2 CompilerThread1" daemon [_thread_in_native, id=11684, stack(0x000000062fa00000,0x000000062fb00000) (1024K)]


Current CompileTask:
C2:3042 3388       4       java.lang.invoke.MethodType::makeImpl (109 bytes)

Stack: [0x000000062fa00000,0x000000062fb00000]
Native frames: (J=compiled Java code, j=interpreted, Vv=VM code, C=native code)
V  [jvm.dll+0x6cdee9]
V  [jvm.dll+0x8a83d1]
V  [jvm.dll+0x8aa8fe]
V  [jvm.dll+0x8aafe3]
V  [jvm.dll+0x27f706]
V  [jvm.dll+0xc500d]
V  [jvm.dll+0xc5543]
V  [jvm.dll+0x2f2acd]
V  [jvm.dll+0x5f6a2a]
V  [jvm.dll+0x250bb2]
V  [jvm.dll+0x249526]
V  [jvm.dll+0x246ec4]
V  [jvm.dll+0x1c75ee]
V  [jvm.dll+0x25685a]
V  [jvm.dll+0x254dfa]
V  [jvm.dll+0x3f0256]
V  [jvm.dll+0x851f8b]
V  [jvm.dll+0x6cc5ed]
C  [ucrtbase.dll+0x37b0]
C  [KERNEL32.DLL+0x2e8d7]
C  [ntdll.dll+0xbbf6c]


---------------  P R O C E S S  ---------------

Threads class SMR info:
_java_thread_list=0x000001c46e8302d0, length=27, elements={
0x000001c41256bae0, 0x000001c4268db310, 0x000001c4268de8d0, 0x000001c4268e12f0,
0x000001c4268e4c10, 0x000001c4268e6bc0, 0x000001c4268e9750, 0x000001c4268ee8f0,
0x000001c4268ef8d0, 0x000001c4125d57c0, 0x000001c46d2f33a0, 0x000001c46d6f5510,
0x000001c46d6e0180, 0x000001c46d7c5d40, 0x000001c46d7c63a0, 0x000001c46d7c6a00,
0x000001c46d7c7060, 0x000001c46d9ab650, 0x000001c46d990ee0, 0x000001c46da777e0,
0x000001c46da75da0, 0x000001c46da76430, 0x000001c46da76ac0, 0x000001c46da75080,
0x000001c46da77150, 0x000001c46da77e70, 0x000001c46e04bde0
}

Java Threads: ( => current thread )
  0x000001c41256bae0 JavaThread "main"                              [_thread_blocked, id=24720, stack(0x000000062ed00000,0x000000062ee00000) (1024K)]
  0x000001c4268db310 JavaThread "Reference Handler"          daemon [_thread_blocked, id=27260, stack(0x000000062f100000,0x000000062f200000) (1024K)]
  0x000001c4268de8d0 JavaThread "Finalizer"                  daemon [_thread_blocked, id=9740, stack(0x000000062f200000,0x000000062f300000) (1024K)]
  0x000001c4268e12f0 JavaThread "Signal Dispatcher"          daemon [_thread_blocked, id=19756, stack(0x000000062f300000,0x000000062f400000) (1024K)]
  0x000001c4268e4c10 JavaThread "Attach Listener"            daemon [_thread_blocked, id=30036, stack(0x000000062f400000,0x000000062f500000) (1024K)]
  0x000001c4268e6bc0 JavaThread "Service Thread"             daemon [_thread_blocked, id=4524, stack(0x000000062f500000,0x000000062f600000) (1024K)]
  0x000001c4268e9750 JavaThread "Monitor Deflation Thread"   daemon [_thread_blocked, id=6636, stack(0x000000062f600000,0x000000062f700000) (1024K)]
  0x000001c4268ee8f0 JavaThread "C2 CompilerThread0"         daemon [_thread_in_native, id=26100, stack(0x000000062f700000,0x000000062f800000) (1024K)]
  0x000001c4268ef8d0 JavaThread "C1 CompilerThread0"         daemon [_thread_in_vm, id=20724, stack(0x000000062f800000,0x000000062f900000) (1024K)]
  0x000001c4125d57c0 JavaThread "Common-Cleaner"             daemon [_thread_blocked, id=29408, stack(0x000000062f900000,0x000000062fa00000) (1024K)]
  0x000001c46d2f33a0 JavaThread "Notification Thread"        daemon [_thread_blocked, id=1744, stack(0x000000062fb00000,0x000000062fc00000) (1024K)]
  0x000001c46d6f5510 JavaThread "Equinox resolver thread - Equinox Container: 0daae89f-082e-4840-be4b-35988ca7afcd" daemon [_thread_blocked, id=4864, stack(0x0000000630100000,0x0000000630200000) (1024K)]
  0x000001c46d6e0180 JavaThread "Equinox resolver thread - Equinox Container: 0daae89f-082e-4840-be4b-35988ca7afcd" daemon [_thread_blocked, id=16012, stack(0x0000000630200000,0x0000000630300000) (1024K)]
  0x000001c46d7c5d40 JavaThread "Equinox resolver thread - Equinox Container: 0daae89f-082e-4840-be4b-35988ca7afcd" daemon [_thread_blocked, id=7964, stack(0x0000000630300000,0x0000000630400000) (1024K)]
  0x000001c46d7c63a0 JavaThread "Equinox resolver thread - Equinox Container: 0daae89f-082e-4840-be4b-35988ca7afcd" daemon [_thread_blocked, id=26812, stack(0x0000000630400000,0x0000000630500000) (1024K)]
  0x000001c46d7c6a00 JavaThread "Equinox resolver thread - Equinox Container: 0daae89f-082e-4840-be4b-35988ca7afcd" daemon [_thread_blocked, id=31000, stack(0x0000000630500000,0x0000000630600000) (1024K)]
  0x000001c46d7c7060 JavaThread "Equinox resolver thread - Equinox Container: 0daae89f-082e-4840-be4b-35988ca7afcd" daemon [_thread_blocked, id=27508, stack(0x0000000630600000,0x0000000630700000) (1024K)]
  0x000001c46d9ab650 JavaThread "Active Thread: Equinox Container: 0daae89f-082e-4840-be4b-35988ca7afcd"        [_thread_blocked, id=18512, stack(0x0000000630700000,0x0000000630800000) (1024K)]
  0x000001c46d990ee0 JavaThread "Framework Event Dispatcher: Equinox Container: 0daae89f-082e-4840-be4b-35988ca7afcd" daemon [_thread_blocked, id=12292, stack(0x0000000630800000,0x0000000630900000) (1024K)]
  0x000001c46da777e0 JavaThread "Start Level: Equinox Container: 0daae89f-082e-4840-be4b-35988ca7afcd" daemon [_thread_in_vm, id=27360, stack(0x0000000630900000,0x0000000630a00000) (1024K)]
  0x000001c46da75da0 JavaThread "Refresh Thread: Equinox Container: 0daae89f-082e-4840-be4b-35988ca7afcd" daemon [_thread_blocked, id=24308, stack(0x0000000630a00000,0x0000000630b00000) (1024K)]
  0x000001c46da76430 JavaThread "SCR Component Actor"        daemon [_thread_blocked, id=26796, stack(0x0000000630b00000,0x0000000630c00000) (1024K)]
  0x000001c46da76ac0 JavaThread "SCR Component Registry"     daemon [_thread_blocked, id=20084, stack(0x0000000630c00000,0x0000000630d00000) (1024K)]
  0x000001c46da75080 JavaThread "Worker-JM"                         [_thread_blocked, id=22152, stack(0x0000000630d00000,0x0000000630e00000) (1024K)]
  0x000001c46da77150 JavaThread "Worker-0"                          [_thread_blocked, id=24540, stack(0x0000000630e00000,0x0000000630f00000) (1024K)]
  0x000001c46da77e70 JavaThread "Worker-1"                          [_thread_blocked, id=30844, stack(0x0000000630f00000,0x0000000631000000) (1024K)]
=>0x000001c46e04bde0 JavaThread "C2 CompilerThread1"         daemon [_thread_in_native, id=11684, stack(0x000000062fa00000,0x000000062fb00000) (1024K)]
Total: 27

Other Threads:
  0x000001c4268c0a40 VMThread "VM Thread"                           [id=13256, stack(0x000000062f000000,0x000000062f100000) (1024K)]
  0x000001c42683cb20 WatcherThread "VM Periodic Task Thread"        [id=29960, stack(0x000000062ef00000,0x000000062f000000) (1024K)]
  0x000001c412588e00 WorkerThread "GC Thread#0"                     [id=7480, stack(0x000000062ee00000,0x000000062ef00000) (1024K)]
  0x000001c46d4df8d0 WorkerThread "GC Thread#1"                     [id=8300, stack(0x000000062fc00000,0x000000062fd00000) (1024K)]
  0x000001c46d4dfc70 WorkerThread "GC Thread#2"                     [id=28876, stack(0x000000062fd00000,0x000000062fe00000) (1024K)]
  0x000001c46d8d0600 WorkerThread "GC Thread#3"                     [id=30780, stack(0x000000062fe00000,0x000000062ff00000) (1024K)]
  0x000001c46d8d09a0 WorkerThread "GC Thread#4"                     [id=25180, stack(0x000000062ff00000,0x0000000630000000) (1024K)]
  0x000001c46d8d0d40 WorkerThread "GC Thread#5"                     [id=9748, stack(0x0000000630000000,0x0000000630100000) (1024K)]
Total: 8

Threads with active compile tasks:
C2 CompilerThread0  3068 3440       4       java.util.zip.ZipEntry::<init> (84 bytes)
C2 CompilerThread1  3068 3388       4       java.lang.invoke.MethodType::makeImpl (109 bytes)
Total: 2

VM state: not at safepoint (normal execution)

VM Mutex/Monitor currently owned by a thread: None

Heap address: 0x00000000c0000000, size: 1024 MB, Compressed Oops mode: 32-bit

CDS archive(s) mapped at: [0x000001c427000000-0x000001c427ba0000-0x000001c427ba0000), size 12189696, SharedBaseAddress: 0x000001c427000000, ArchiveRelocationMode: 1.
Compressed class space mapped at: 0x000001c428000000-0x000001c468000000, reserved size: 1073741824
Narrow klass base: 0x000001c427000000, Narrow klass shift: 0, Narrow klass range: 0x100000000

GC Precious Log:
 CardTable entry size: 512
 CPUs: 6 total, 6 available
 Memory: 16325M
 Large Page Support: Disabled
 NUMA Support: Disabled
 Compressed Oops: Enabled (32-bit)
 Alignments: Space 512K, Generation 512K, Heap 2M
 Heap Min Capacity: 100M
 Heap Initial Capacity: 100M
 Heap Max Capacity: 1G
 Pre-touch: Disabled
 Parallel Workers: 6

Heap:
 PSYoungGen      total 27136K, used 5131K [0x00000000eab00000, 0x00000000eca00000, 0x0000000100000000)
  eden space 24064K, 8% used [0x00000000eab00000,0x00000000ead18c20,0x00000000ec280000)
  from space 3072K, 97% used [0x00000000ec700000,0x00000000ec9ea2b0,0x00000000eca00000)
  to   space 3072K, 0% used [0x00000000ec400000,0x00000000ec400000,0x00000000ec700000)
 ParOldGen       total 68608K, used 9803K [0x00000000c0000000, 0x00000000c4300000, 0x00000000eab00000)
  object space 68608K, 14% used [0x00000000c0000000,0x00000000c0992d38,0x00000000c4300000)
 Metaspace       used 22719K, committed 23360K, reserved 1114112K
  class space    used 2060K, committed 2304K, reserved 1048576K

Card table byte_map: [0x000001c411f10000,0x000001c412120000] _byte_map_base: 0x000001c411910000

Marking Bits: (ParMarkBitMap*) 0x00007ff968ea3260
 Begin Bits: [0x000001c424760000, 0x000001c425760000)
 End Bits:   [0x000001c425760000, 0x000001c426760000)

Polling page: 0x000001c410560000

Metaspace:

Usage:
  Non-class:     20.17 MB used.
      Class:      2.01 MB used.
       Both:     22.19 MB used.

Virtual space:
  Non-class space:       64.00 MB reserved,      20.56 MB ( 32%) committed,  1 nodes.
      Class space:        1.00 GB reserved,       2.25 MB ( <1%) committed,  1 nodes.
             Both:        1.06 GB reserved,      22.81 MB (  2%) committed. 

Chunk freelists:
   Non-Class:  10.70 MB
       Class:  13.77 MB
        Both:  24.48 MB

MaxMetaspaceSize: unlimited
CompressedClassSpaceSize: 1.00 GB
Initial GC threshold: 21.00 MB
Current GC threshold: 35.00 MB
CDS: on
 - commit_granule_bytes: 65536.
 - commit_granule_words: 8192.
 - virtual_space_node_default_size: 8388608.
 - enlarge_chunks_in_place: 1.
 - use_allocation_guard: 0.


Internal statistics:

num_allocs_failed_limit: 3.
num_arena_births: 486.
num_arena_deaths: 14.
num_vsnodes_births: 2.
num_vsnodes_deaths: 0.
num_space_committed: 365.
num_space_uncommitted: 0.
num_chunks_returned_to_freelist: 17.
num_chunks_taken_from_freelist: 1319.
num_chunk_merges: 9.
num_chunk_splits: 872.
num_chunks_enlarged: 561.
num_inconsistent_stats: 0.

CodeHeap 'non-profiled nmethods': size=120000Kb used=1510Kb max_used=1510Kb free=118489Kb
 bounds [0x000001c41d230000, 0x000001c41d4a0000, 0x000001c424760000]
CodeHeap 'profiled nmethods': size=120000Kb used=7333Kb max_used=7333Kb free=112666Kb
 bounds [0x000001c415760000, 0x000001c415e90000, 0x000001c41cc90000]
CodeHeap 'non-nmethods': size=5760Kb used=1309Kb max_used=1340Kb free=4450Kb
 bounds [0x000001c41cc90000, 0x000001c41cf00000, 0x000001c41d230000]
 total_blobs=4032 nmethods=3439 adapters=499
 compilation: enabled
              stopped_count=0, restarted_count=0
 full_count=0

Compilation events (20 events):
Event: 3.038 Thread 0x000001c4268ef8d0 nmethod 3417 0x000001c415e7ea90 code [0x000001c415e7ec60, 0x000001c415e7ee68]
Event: 3.038 Thread 0x000001c4268ef8d0 3421       3       sun.nio.fs.WindowsFileAttributes::fromFindData (127 bytes)
Event: 3.038 Thread 0x000001c4268ef8d0 nmethod 3421 0x000001c415e7ef90 code [0x000001c415e7f1a0, 0x000001c415e7f7c0]
Event: 3.038 Thread 0x000001c4268ef8d0 3422   !   3       sun.nio.fs.WindowsDirectoryStream$WindowsDirectoryIterator::acceptEntry (71 bytes)
Event: 3.039 Thread 0x000001c4268ef8d0 nmethod 3422 0x000001c415e7fa90 code [0x000001c415e7fce0, 0x000001c415e80470]
Event: 3.039 Thread 0x000001c4268ef8d0 3423   !   3       sun.nio.fs.WindowsPath::createFromNormalizedPath (65 bytes)
Event: 3.039 Thread 0x000001c4268ef8d0 nmethod 3423 0x000001c415e80890 code [0x000001c415e80ac0, 0x000001c415e810f8]
Event: 3.040 Thread 0x000001c4268ef8d0 3424       3       sun.nio.fs.WindowsPathParser::parseNormalizedPath (6 bytes)
Event: 3.040 Thread 0x000001c4268ef8d0 nmethod 3424 0x000001c415e81410 code [0x000001c415e815c0, 0x000001c415e816e0]
Event: 3.040 Thread 0x000001c4268ef8d0 3425       3       sun.nio.fs.WindowsPath$WindowsPathWithAttributes::<init> (23 bytes)
Event: 3.040 Thread 0x000001c4268ef8d0 nmethod 3425 0x000001c415e81790 code [0x000001c415e81960, 0x000001c415e81dd8]
Event: 3.040 Thread 0x000001c4268ef8d0 3426       3       java.nio.file.Files$AcceptAllFilter::accept (9 bytes)
Event: 3.040 Thread 0x000001c4268ef8d0 nmethod 3426 0x000001c415e82010 code [0x000001c415e821c0, 0x000001c415e82438]
Event: 3.040 Thread 0x000001c4268ef8d0 3427       3       sun.nio.fs.WindowsDirectoryStream$WindowsDirectoryIterator::next (5 bytes)
Event: 3.040 Thread 0x000001c4268ef8d0 nmethod 3427 0x000001c415e82510 code [0x000001c415e826c0, 0x000001c415e82800]
Event: 3.040 Thread 0x000001c4268ef8d0 3418   !   3       sun.nio.fs.WindowsNativeDispatcher::FindNextFile (30 bytes)
Event: 3.040 Thread 0x000001c4268ef8d0 nmethod 3418 0x000001c415e82890 code [0x000001c415e82a60, 0x000001c415e82c58]
Event: 3.040 Thread 0x000001c4268ef8d0 3419  s    3       sun.nio.fs.WindowsDirectoryStream$WindowsDirectoryIterator::hasNext (35 bytes)
Event: 3.040 Thread 0x000001c4268ef8d0 nmethod 3419 0x000001c415e82d90 code [0x000001c415e82f40, 0x000001c415e83220]
Event: 3.040 Thread 0x000001c4268ef8d0 3416       3       sun.nio.fs.WindowsPath::getFileName (87 bytes)

GC Heap History (16 events):
Event: 0.678 GC heap before
{Heap before GC invocations=1 (full 0):
 PSYoungGen      total 29696K, used 25600K [0x00000000eab00000, 0x00000000ecc00000, 0x0000000100000000)
  eden space 25600K, 100% used [0x00000000eab00000,0x00000000ec400000,0x00000000ec400000)
  from space 4096K, 0% used [0x00000000ec800000,0x00000000ec800000,0x00000000ecc00000)
  to   space 4096K, 0% used [0x00000000ec400000,0x00000000ec400000,0x00000000ec800000)
 ParOldGen       total 68608K, used 0K [0x00000000c0000000, 0x00000000c4300000, 0x00000000eab00000)
  object space 68608K, 0% used [0x00000000c0000000,0x00000000c0000000,0x00000000c4300000)
 Metaspace       used 4345K, committed 4544K, reserved 1114112K
  class space    used 437K, committed 512K, reserved 1048576K
}
Event: 0.704 GC heap after
{Heap after GC invocations=1 (full 0):
 PSYoungGen      total 29696K, used 3182K [0x00000000eab00000, 0x00000000ecc00000, 0x0000000100000000)
  eden space 25600K, 0% used [0x00000000eab00000,0x00000000eab00000,0x00000000ec400000)
  from space 4096K, 77% used [0x00000000ec400000,0x00000000ec71baa0,0x00000000ec800000)
  to   space 4096K, 0% used [0x00000000ec800000,0x00000000ec800000,0x00000000ecc00000)
 ParOldGen       total 68608K, used 0K [0x00000000c0000000, 0x00000000c4300000, 0x00000000eab00000)
  object space 68608K, 0% used [0x00000000c0000000,0x00000000c0000000,0x00000000c4300000)
 Metaspace       used 4345K, committed 4544K, reserved 1114112K
  class space    used 437K, committed 512K, reserved 1048576K
}
Event: 1.225 GC heap before
{Heap before GC invocations=2 (full 0):
 PSYoungGen      total 29696K, used 28782K [0x00000000eab00000, 0x00000000ecc00000, 0x0000000100000000)
  eden space 25600K, 100% used [0x00000000eab00000,0x00000000ec400000,0x00000000ec400000)
  from space 4096K, 77% used [0x00000000ec400000,0x00000000ec71baa0,0x00000000ec800000)
  to   space 4096K, 0% used [0x00000000ec800000,0x00000000ec800000,0x00000000ecc00000)
 ParOldGen       total 68608K, used 0K [0x00000000c0000000, 0x00000000c4300000, 0x00000000eab00000)
  object space 68608K, 0% used [0x00000000c0000000,0x00000000c0000000,0x00000000c4300000)
 Metaspace       used 7861K, committed 8128K, reserved 1114112K
  class space    used 779K, committed 896K, reserved 1048576K
}
Event: 1.228 GC heap after
{Heap after GC invocations=2 (full 0):
 PSYoungGen      total 29696K, used 4093K [0x00000000eab00000, 0x00000000ecc00000, 0x0000000100000000)
  eden space 25600K, 0% used [0x00000000eab00000,0x00000000eab00000,0x00000000ec400000)
  from space 4096K, 99% used [0x00000000ec800000,0x00000000ecbff510,0x00000000ecc00000)
  to   space 4096K, 0% used [0x00000000ec400000,0x00000000ec400000,0x00000000ec800000)
 ParOldGen       total 68608K, used 748K [0x00000000c0000000, 0x00000000c4300000, 0x00000000eab00000)
  object space 68608K, 1% used [0x00000000c0000000,0x00000000c00bb3e8,0x00000000c4300000)
 Metaspace       used 7861K, committed 8128K, reserved 1114112K
  class space    used 779K, committed 896K, reserved 1048576K
}
Event: 1.614 GC heap before
{Heap before GC invocations=3 (full 0):
 PSYoungGen      total 29696K, used 29693K [0x00000000eab00000, 0x00000000ecc00000, 0x0000000100000000)
  eden space 25600K, 100% used [0x00000000eab00000,0x00000000ec400000,0x00000000ec400000)
  from space 4096K, 99% used [0x00000000ec800000,0x00000000ecbff510,0x00000000ecc00000)
  to   space 4096K, 0% used [0x00000000ec400000,0x00000000ec400000,0x00000000ec800000)
 ParOldGen       total 68608K, used 748K [0x00000000c0000000, 0x00000000c4300000, 0x00000000eab00000)
  object space 68608K, 1% used [0x00000000c0000000,0x00000000c00bb3e8,0x00000000c4300000)
 Metaspace       used 9507K, committed 9856K, reserved 1114112K
  class space    used 952K, committed 1152K, reserved 1048576K
}
Event: 1.617 GC heap after
{Heap after GC invocations=3 (full 0):
 PSYoungGen      total 29696K, used 4088K [0x00000000eab00000, 0x00000000ecc00000, 0x0000000100000000)
  eden space 25600K, 0% used [0x00000000eab00000,0x00000000eab00000,0x00000000ec400000)
  from space 4096K, 99% used [0x00000000ec400000,0x00000000ec7fe108,0x00000000ec800000)
  to   space 4096K, 0% used [0x00000000ec800000,0x00000000ec800000,0x00000000ecc00000)
 ParOldGen       total 68608K, used 3054K [0x00000000c0000000, 0x00000000c4300000, 0x00000000eab00000)
  object space 68608K, 4% used [0x00000000c0000000,0x00000000c02fbb40,0x00000000c4300000)
 Metaspace       used 9507K, committed 9856K, reserved 1114112K
  class space    used 952K, committed 1152K, reserved 1048576K
}
Event: 2.121 GC heap before
{Heap before GC invocations=4 (full 0):
 PSYoungGen      total 29696K, used 29688K [0x00000000eab00000, 0x00000000ecc00000, 0x0000000100000000)
  eden space 25600K, 100% used [0x00000000eab00000,0x00000000ec400000,0x00000000ec400000)
  from space 4096K, 99% used [0x00000000ec400000,0x00000000ec7fe108,0x00000000ec800000)
  to   space 4096K, 0% used [0x00000000ec800000,0x00000000ec800000,0x00000000ecc00000)
 ParOldGen       total 68608K, used 3054K [0x00000000c0000000, 0x00000000c4300000, 0x00000000eab00000)
  object space 68608K, 4% used [0x00000000c0000000,0x00000000c02fbb40,0x00000000c4300000)
 Metaspace       used 13818K, committed 14336K, reserved 1114112K
  class space    used 1365K, committed 1600K, reserved 1048576K
}
Event: 2.125 GC heap after
{Heap after GC invocations=4 (full 0):
 PSYoungGen      total 29696K, used 4067K [0x00000000eab00000, 0x00000000ecc00000, 0x0000000100000000)
  eden space 25600K, 0% used [0x00000000eab00000,0x00000000eab00000,0x00000000ec400000)
  from space 4096K, 99% used [0x00000000ec800000,0x00000000ecbf8e58,0x00000000ecc00000)
  to   space 4096K, 0% used [0x00000000ec400000,0x00000000ec400000,0x00000000ec800000)
 ParOldGen       total 68608K, used 4992K [0x00000000c0000000, 0x00000000c4300000, 0x00000000eab00000)
  object space 68608K, 7% used [0x00000000c0000000,0x00000000c04e0210,0x00000000c4300000)
 Metaspace       used 13818K, committed 14336K, reserved 1114112K
  class space    used 1365K, committed 1600K, reserved 1048576K
}
Event: 2.415 GC heap before
{Heap before GC invocations=5 (full 0):
 PSYoungGen      total 29696K, used 29667K [0x00000000eab00000, 0x00000000ecc00000, 0x0000000100000000)
  eden space 25600K, 100% used [0x00000000eab00000,0x00000000ec400000,0x00000000ec400000)
  from space 4096K, 99% used [0x00000000ec800000,0x00000000ecbf8e58,0x00000000ecc00000)
  to   space 4096K, 0% used [0x00000000ec400000,0x00000000ec400000,0x00000000ec800000)
 ParOldGen       total 68608K, used 4992K [0x00000000c0000000, 0x00000000c4300000, 0x00000000eab00000)
  object space 68608K, 7% used [0x00000000c0000000,0x00000000c04e0210,0x00000000c4300000)
 Metaspace       used 16760K, committed 17408K, reserved 1114112K
  class space    used 1640K, committed 1920K, reserved 1048576K
}
Event: 2.420 GC heap after
{Heap after GC invocations=5 (full 0):
 PSYoungGen      total 29184K, used 4088K [0x00000000eab00000, 0x00000000ed080000, 0x0000000100000000)
  eden space 25088K, 0% used [0x00000000eab00000,0x00000000eab00000,0x00000000ec380000)
  from space 4096K, 99% used [0x00000000ec400000,0x00000000ec7fe058,0x00000000ec800000)
  to   space 6656K, 0% used [0x00000000eca00000,0x00000000eca00000,0x00000000ed080000)
 ParOldGen       total 68608K, used 7275K [0x00000000c0000000, 0x00000000c4300000, 0x00000000eab00000)
  object space 68608K, 10% used [0x00000000c0000000,0x00000000c071ae50,0x00000000c4300000)
 Metaspace       used 16760K, committed 17408K, reserved 1114112K
  class space    used 1640K, committed 1920K, reserved 1048576K
}
Event: 2.637 GC heap before
{Heap before GC invocations=6 (full 0):
 PSYoungGen      total 29184K, used 29126K [0x00000000eab00000, 0x00000000ed080000, 0x0000000100000000)
  eden space 25088K, 99% used [0x00000000eab00000,0x00000000ec373868,0x00000000ec380000)
  from space 4096K, 99% used [0x00000000ec400000,0x00000000ec7fe058,0x00000000ec800000)
  to   space 6656K, 0% used [0x00000000eca00000,0x00000000eca00000,0x00000000ed080000)
 ParOldGen       total 68608K, used 7275K [0x00000000c0000000, 0x00000000c4300000, 0x00000000eab00000)
  object space 68608K, 10% used [0x00000000c0000000,0x00000000c071ae50,0x00000000c4300000)
 Metaspace       used 20889K, committed 21504K, reserved 1114112K
  class space    used 1932K, committed 2240K, reserved 1048576K
}
Event: 2.640 GC heap after
{Heap after GC invocations=6 (full 0):
 PSYoungGen      total 29184K, used 4501K [0x00000000eab00000, 0x00000000ece80000, 0x0000000100000000)
  eden space 24576K, 0% used [0x00000000eab00000,0x00000000eab00000,0x00000000ec300000)
  from space 4608K, 97% used [0x00000000eca00000,0x00000000ece654d0,0x00000000ece80000)
  to   space 5632K, 0% used [0x00000000ec380000,0x00000000ec380000,0x00000000ec900000)
 ParOldGen       total 68608K, used 7275K [0x00000000c0000000, 0x00000000c4300000, 0x00000000eab00000)
  object space 68608K, 10% used [0x00000000c0000000,0x00000000c071ae50,0x00000000c4300000)
 Metaspace       used 20889K, committed 21504K, reserved 1114112K
  class space    used 1932K, committed 2240K, reserved 1048576K
}
Event: 2.642 GC heap before
{Heap before GC invocations=7 (full 0):
 PSYoungGen      total 29184K, used 5052K [0x00000000eab00000, 0x00000000ece80000, 0x0000000100000000)
  eden space 24576K, 2% used [0x00000000eab00000,0x00000000eab89ca8,0x00000000ec300000)
  from space 4608K, 97% used [0x00000000eca00000,0x00000000ece654d0,0x00000000ece80000)
  to   space 5632K, 0% used [0x00000000ec380000,0x00000000ec380000,0x00000000ec900000)
 ParOldGen       total 68608K, used 7275K [0x00000000c0000000, 0x00000000c4300000, 0x00000000eab00000)
  object space 68608K, 10% used [0x00000000c0000000,0x00000000c071ae50,0x00000000c4300000)
 Metaspace       used 20892K, committed 21504K, reserved 1114112K
  class space    used 1932K, committed 2240K, reserved 1048576K
}
Event: 2.646 GC heap after
{Heap after GC invocations=7 (full 0):
 PSYoungGen      total 27648K, used 2660K [0x00000000eab00000, 0x00000000eca80000, 0x0000000100000000)
  eden space 24576K, 0% used [0x00000000eab00000,0x00000000eab00000,0x00000000ec300000)
  from space 3072K, 86% used [0x00000000ec380000,0x00000000ec619180,0x00000000ec680000)
  to   space 3584K, 0% used [0x00000000ec700000,0x00000000ec700000,0x00000000eca80000)
 ParOldGen       total 68608K, used 9079K [0x00000000c0000000, 0x00000000c4300000, 0x00000000eab00000)
  object space 68608K, 13% used [0x00000000c0000000,0x00000000c08ddde0,0x00000000c4300000)
 Metaspace       used 20892K, committed 21504K, reserved 1114112K
  class space    used 1932K, committed 2240K, reserved 1048576K
}
Event: 2.646 GC heap before
{Heap before GC invocations=8 (full 1):
 PSYoungGen      total 27648K, used 2660K [0x00000000eab00000, 0x00000000eca80000, 0x0000000100000000)
  eden space 24576K, 0% used [0x00000000eab00000,0x00000000eab00000,0x00000000ec300000)
  from space 3072K, 86% used [0x00000000ec380000,0x00000000ec619180,0x00000000ec680000)
  to   space 3584K, 0% used [0x00000000ec700000,0x00000000ec700000,0x00000000eca80000)
 ParOldGen       total 68608K, used 9079K [0x00000000c0000000, 0x00000000c4300000, 0x00000000eab00000)
  object space 68608K, 13% used [0x00000000c0000000,0x00000000c08ddde0,0x00000000c4300000)
 Metaspace       used 20892K, committed 21504K, reserved 1114112K
  class space    used 1932K, committed 2240K, reserved 1048576K
}
Event: 2.665 GC heap after
{Heap after GC invocations=8 (full 1):
 PSYoungGen      total 27648K, used 0K [0x00000000eab00000, 0x00000000eca80000, 0x0000000100000000)
  eden space 24576K, 0% used [0x00000000eab00000,0x00000000eab00000,0x00000000ec300000)
  from space 3072K, 0% used [0x00000000ec380000,0x00000000ec380000,0x00000000ec680000)
  to   space 3584K, 0% used [0x00000000ec700000,0x00000000ec700000,0x00000000eca80000)
 ParOldGen       total 68608K, used 9795K [0x00000000c0000000, 0x00000000c4300000, 0x00000000eab00000)
  object space 68608K, 14% used [0x00000000c0000000,0x00000000c0990d38,0x00000000c4300000)
 Metaspace       used 20879K, committed 21504K, reserved 1114112K
  class space    used 1929K, committed 2240K, reserved 1048576K
}

Dll operation events (9 events):
Event: 0.008 Loaded shared library c:\Users\carlo\.vscode\extensions\redhat.java-1.41.0-win32-x64\jre\21.0.6-win32-x86_64\bin\java.dll
Event: 0.062 Loaded shared library c:\Users\carlo\.vscode\extensions\redhat.java-1.41.0-win32-x64\jre\21.0.6-win32-x86_64\bin\zip.dll
Event: 0.078 Loaded shared library C:\Users\carlo\.vscode\extensions\redhat.java-1.41.0-win32-x64\jre\21.0.6-win32-x86_64\bin\instrument.dll
Event: 0.081 Loaded shared library C:\Users\carlo\.vscode\extensions\redhat.java-1.41.0-win32-x64\jre\21.0.6-win32-x86_64\bin\net.dll
Event: 0.083 Loaded shared library C:\Users\carlo\.vscode\extensions\redhat.java-1.41.0-win32-x64\jre\21.0.6-win32-x86_64\bin\nio.dll
Event: 0.086 Loaded shared library C:\Users\carlo\.vscode\extensions\redhat.java-1.41.0-win32-x64\jre\21.0.6-win32-x86_64\bin\zip.dll
Event: 0.100 Loaded shared library C:\Users\carlo\.vscode\extensions\redhat.java-1.41.0-win32-x64\jre\21.0.6-win32-x86_64\bin\jimage.dll
Event: 0.167 Loaded shared library c:\Users\carlo\.vscode\extensions\redhat.java-1.41.0-win32-x64\jre\21.0.6-win32-x86_64\bin\verify.dll
Event: 1.340 Loaded shared library C:\Users\carlo\AppData\Roaming\Code\User\globalStorage\redhat.java\1.41.0\config_ss_win\org.eclipse.equinox.launcher\org.eclipse.equinox.launcher.win32.win32.x86_64_1.2.1300.v20250325-0811\eclipse_11911.dll

Deoptimization events (20 events):
Event: 2.962 Thread 0x000001c46da777e0 Uncommon trap: trap_request=0xffffff45 fr.pc=0x000001c41d2921d8 relative=0x00000000000003f8
Event: 2.962 Thread 0x000001c46da777e0 Uncommon trap: reason=unstable_if action=reinterpret pc=0x000001c41d2921d8 method=java.lang.AbstractStringBuilder.isLatin1()Z @ 10 c2
Event: 2.962 Thread 0x000001c46da777e0 DEOPT PACKING pc=0x000001c41d2921d8 sp=0x00000006309fe1f0
Event: 2.962 Thread 0x000001c46da777e0 DEOPT UNPACKING pc=0x000001c41cce3aa2 sp=0x00000006309fe180 mode 2
Event: 2.962 Thread 0x000001c46da777e0 Uncommon trap: trap_request=0xffffff45 fr.pc=0x000001c41d2a098c relative=0x000000000000006c
Event: 2.962 Thread 0x000001c46da777e0 Uncommon trap: reason=unstable_if action=reinterpret pc=0x000001c41d2a098c method=java.lang.AbstractStringBuilder.isLatin1()Z @ 10 c2
Event: 2.963 Thread 0x000001c46da777e0 DEOPT PACKING pc=0x000001c41d2a098c sp=0x00000006309fe1f0
Event: 2.963 Thread 0x000001c46da777e0 DEOPT UNPACKING pc=0x000001c41cce3aa2 sp=0x00000006309fe180 mode 2
Event: 2.974 Thread 0x000001c46da777e0 Uncommon trap: trap_request=0xffffffc6 fr.pc=0x000001c41d2c5bf8 relative=0x0000000000000978
Event: 2.974 Thread 0x000001c46da777e0 Uncommon trap: reason=bimorphic_or_optimized_type_check action=maybe_recompile pc=0x000001c41d2c5bf8 method=java.util.HashMap.putVal(ILjava/lang/Object;Ljava/lang/Object;ZZ)Ljava/lang/Object; @ 56 c2
Event: 2.974 Thread 0x000001c46da777e0 DEOPT PACKING pc=0x000001c41d2c5bf8 sp=0x00000006309fd880
Event: 2.974 Thread 0x000001c46da777e0 DEOPT UNPACKING pc=0x000001c41cce3aa2 sp=0x00000006309fd7e8 mode 2
Event: 2.974 Thread 0x000001c46da777e0 Uncommon trap: trap_request=0xffffffc6 fr.pc=0x000001c41d2c5bf8 relative=0x0000000000000978
Event: 2.974 Thread 0x000001c46da777e0 Uncommon trap: reason=bimorphic_or_optimized_type_check action=maybe_recompile pc=0x000001c41d2c5bf8 method=java.util.HashMap.putVal(ILjava/lang/Object;Ljava/lang/Object;ZZ)Ljava/lang/Object; @ 56 c2
Event: 2.974 Thread 0x000001c46da777e0 DEOPT PACKING pc=0x000001c41d2c5bf8 sp=0x00000006309fd880
Event: 2.974 Thread 0x000001c46da777e0 DEOPT UNPACKING pc=0x000001c41cce3aa2 sp=0x00000006309fd7e8 mode 2
Event: 2.986 Thread 0x000001c46da777e0 Uncommon trap: trap_request=0xffffff45 fr.pc=0x000001c41d3a0994 relative=0x0000000000000a14
Event: 2.986 Thread 0x000001c46da777e0 Uncommon trap: reason=unstable_if action=reinterpret pc=0x000001c41d3a0994 method=java.util.regex.Pattern$BmpCharPropertyGreedy.match(Ljava/util/regex/Matcher;ILjava/lang/CharSequence;)Z @ 12 c2
Event: 2.987 Thread 0x000001c46da777e0 DEOPT PACKING pc=0x000001c41d3a0994 sp=0x00000006309fd560
Event: 2.987 Thread 0x000001c46da777e0 DEOPT UNPACKING pc=0x000001c41cce3aa2 sp=0x00000006309fd428 mode 2

Classes loaded (20 events):
Event: 3.020 Loading class sun/security/provider/SHA
Event: 3.021 Loading class sun/security/provider/SHA done
Event: 3.021 Loading class sun/security/provider/SeedGenerator$1
Event: 3.021 Loading class sun/security/provider/SeedGenerator$1 done
Event: 3.028 Loading class java/net/NetworkInterface$1
Event: 3.029 Loading class java/net/NetworkInterface$1 done
Event: 3.029 Loading class java/nio/file/Files$AcceptAllFilter
Event: 3.029 Loading class java/nio/file/DirectoryStream$Filter
Event: 3.029 Loading class java/nio/file/DirectoryStream$Filter done
Event: 3.029 Loading class java/nio/file/Files$AcceptAllFilter done
Event: 3.029 Loading class sun/nio/fs/WindowsDirectoryStream
Event: 3.029 Loading class java/nio/file/DirectoryStream
Event: 3.029 Loading class java/nio/file/DirectoryStream done
Event: 3.029 Loading class sun/nio/fs/WindowsDirectoryStream done
Event: 3.030 Loading class sun/nio/fs/WindowsDirectoryStream$WindowsDirectoryIterator
Event: 3.030 Loading class sun/nio/fs/WindowsDirectoryStream$WindowsDirectoryIterator done
Event: 3.030 Loading class sun/nio/fs/WindowsPath$WindowsPathWithAttributes
Event: 3.030 Loading class sun/nio/fs/BasicFileAttributesHolder
Event: 3.030 Loading class sun/nio/fs/BasicFileAttributesHolder done
Event: 3.030 Loading class sun/nio/fs/WindowsPath$WindowsPathWithAttributes done

Classes unloaded (7 events):
Event: 2.650 Thread 0x000001c4268c0a40 Unloading class 0x000001c428192c00 'java/lang/invoke/LambdaForm$MH+0x000001c428192c00'
Event: 2.650 Thread 0x000001c4268c0a40 Unloading class 0x000001c428192800 'java/lang/invoke/LambdaForm$MH+0x000001c428192800'
Event: 2.650 Thread 0x000001c4268c0a40 Unloading class 0x000001c428192400 'java/lang/invoke/LambdaForm$MH+0x000001c428192400'
Event: 2.650 Thread 0x000001c4268c0a40 Unloading class 0x000001c428192000 'java/lang/invoke/LambdaForm$MH+0x000001c428192000'
Event: 2.650 Thread 0x000001c4268c0a40 Unloading class 0x000001c428191c00 'java/lang/invoke/LambdaForm$BMH+0x000001c428191c00'
Event: 2.650 Thread 0x000001c4268c0a40 Unloading class 0x000001c428191800 'java/lang/invoke/LambdaForm$DMH+0x000001c428191800'
Event: 2.650 Thread 0x000001c4268c0a40 Unloading class 0x000001c428190400 'java/lang/invoke/LambdaForm$DMH+0x000001c428190400'

Classes redefined (0 events):
No events

Internal exceptions (20 events):
Event: 2.181 Thread 0x000001c46da777e0 Exception <a 'java/io/FileNotFoundException'{0x00000000eacece60}> (0x00000000eacece60) 
thrown [s\src\hotspot\share\prims\jni.cpp, line 520]
Event: 2.182 Thread 0x000001c46da777e0 Exception <a 'java/io/FileNotFoundException'{0x00000000eacf4200}> (0x00000000eacf4200) 
thrown [s\src\hotspot\share\prims\jni.cpp, line 520]
Event: 2.261 Thread 0x000001c46da777e0 Exception <a 'java/lang/NoSuchMethodError'{0x00000000eb20c620}: 'java.lang.Object java.lang.invoke.DirectMethodHandle$Holder.newInvokeSpecial(java.lang.Object, java.lang.Object, java.lang.Object, java.lang.Object, java.lang.Object)'> (0x00000000eb20c620) 
thrown [s\src\hotspot\share\interpreter\linkResolver.cpp, line 773]
Event: 2.275 Thread 0x000001c46da777e0 Exception <a 'java/lang/NoSuchMethodError'{0x00000000eb2e8fe8}: 'java.lang.Object java.lang.invoke.DirectMethodHandle$Holder.invokeSpecial(java.lang.Object, java.lang.Object, java.lang.Object, long, java.lang.Object)'> (0x00000000eb2e8fe8) 
thrown [s\src\hotspot\share\interpreter\linkResolver.cpp, line 773]
Event: 2.276 Thread 0x000001c46da777e0 Exception <a 'java/lang/NoSuchMethodError'{0x00000000eb2f0778}: 'java.lang.Object java.lang.invoke.DirectMethodHandle$Holder.newInvokeSpecial(java.lang.Object, java.lang.Object, java.lang.Object, long)'> (0x00000000eb2f0778) 
thrown [s\src\hotspot\share\interpreter\linkResolver.cpp, line 773]
Event: 2.276 Thread 0x000001c46da777e0 Exception <a 'java/lang/NoSuchMethodError'{0x00000000eb2f45d8}: 'java.lang.Object java.lang.invoke.Invokers$Holder.linkToTargetMethod(java.lang.Object, java.lang.Object, long, java.lang.Object)'> (0x00000000eb2f45d8) 
thrown [s\src\hotspot\share\interpreter\linkResolver.cpp, line 773]
Event: 2.284 Thread 0x000001c46da777e0 Exception <a 'java/lang/NoSuchMethodError'{0x00000000eb35b448}: 'int java.lang.invoke.DirectMethodHandle$Holder.invokeStaticInit(java.lang.Object, java.lang.Object, java.lang.Object)'> (0x00000000eb35b448) 
thrown [s\src\hotspot\share\interpreter\linkResolver.cpp, line 773]
Event: 2.294 Thread 0x000001c46da777e0 Exception <a 'java/lang/IncompatibleClassChangeError'{0x00000000eb3e6058}: Found class java.lang.Object, but interface was expected> (0x00000000eb3e6058) 
thrown [s\src\hotspot\share\interpreter\linkResolver.cpp, line 840]
Event: 2.295 Thread 0x000001c46da777e0 Exception <a 'java/lang/NoSuchMethodError'{0x00000000eb3e99b0}: 'java.lang.Object java.lang.invoke.DirectMethodHandle$Holder.invokeSpecial(java.lang.Object, java.lang.Object, java.lang.Object, int, java.lang.Object, java.lang.Object)'> (0x00000000eb3e99b0) 
thrown [s\src\hotspot\share\interpreter\linkResolver.cpp, line 773]
Event: 2.295 Thread 0x000001c46da777e0 Exception <a 'java/lang/NoSuchMethodError'{0x00000000eb3fe9a0}: 'java.lang.Object java.lang.invoke.DirectMethodHandle$Holder.newInvokeSpecial(java.lang.Object, java.lang.Object, java.lang.Object, int, java.lang.Object)'> (0x00000000eb3fe9a0) 
thrown [s\src\hotspot\share\interpreter\linkResolver.cpp, line 773]
Event: 2.296 Thread 0x000001c46da777e0 Exception <a 'java/lang/NoSuchMethodError'{0x00000000eb402490}: 'java.lang.Object java.lang.invoke.Invokers$Holder.linkToTargetMethod(java.lang.Object, java.lang.Object, int, java.lang.Object, java.lang.Object)'> (0x00000000eb402490) 
thrown [s\src\hotspot\share\interpreter\linkResolver.cpp, line 773]
Event: 2.296 Thread 0x000001c46da77150 Exception <a 'java/lang/NoSuchMethodError'{0x00000000eb334708}: 'java.lang.Object java.lang.invoke.DirectMethodHandle$Holder.invokeSpecial(java.lang.Object, java.lang.Object, int, java.lang.Object, java.lang.Object)'> (0x00000000eb334708) 
thrown [s\src\hotspot\share\interpreter\linkResolver.cpp, line 773]
Event: 2.296 Thread 0x000001c46da77150 Exception <a 'java/lang/NoSuchMethodError'{0x00000000eb33b440}: 'java.lang.Object java.lang.invoke.DirectMethodHandle$Holder.newInvokeSpecial(java.lang.Object, java.lang.Object, int, java.lang.Object)'> (0x00000000eb33b440) 
thrown [s\src\hotspot\share\interpreter\linkResolver.cpp, line 773]
Event: 2.312 Thread 0x000001c46da777e0 Exception <a 'java/lang/NoSuchMethodError'{0x00000000eb521d38}: 'void java.lang.invoke.DirectMethodHandle$Holder.invokeSpecial(java.lang.Object, java.lang.Object, java.lang.Object, java.lang.Object, java.lang.Object)'> (0x00000000eb521d38) 
thrown [s\src\hotspot\share\interpreter\linkResolver.cpp, line 773]
Event: 2.337 Thread 0x000001c46da777e0 Exception <a 'java/lang/NoSuchMethodError'{0x00000000eb79bba8}: 'double java.lang.invoke.DirectMethodHandle$Holder.invokeStatic(java.lang.Object, java.lang.Object)'> (0x00000000eb79bba8) 
thrown [s\src\hotspot\share\interpreter\linkResolver.cpp, line 773]
Event: 2.338 Thread 0x000001c46da777e0 Exception <a 'java/lang/NoSuchMethodError'{0x00000000eb79f268}: 'double java.lang.invoke.DirectMethodHandle$Holder.invokeStaticInit(java.lang.Object, java.lang.Object)'> (0x00000000eb79f268) 
thrown [s\src\hotspot\share\interpreter\linkResolver.cpp, line 773]
Event: 2.591 Thread 0x000001c46da777e0 Implicit null exception at 0x000001c41d37f2f5 to 0x000001c41d37f3e8
Event: 2.931 Thread 0x000001c46da777e0 Exception <a 'java/lang/NoSuchMethodError'{0x00000000ebd90418}: 'java.lang.Object java.lang.invoke.DirectMethodHandle$Holder.newInvokeSpecial(java.lang.Object, int, java.lang.Object, java.lang.Object)'> (0x00000000ebd90418) 
thrown [s\src\hotspot\share\interpreter\linkResolver.cpp, line 773]
Event: 2.983 Thread 0x000001c46da777e0 Exception <a 'sun/nio/fs/WindowsException'{0x00000000ebfc8f00}> (0x00000000ebfc8f00) 
thrown [s\src\hotspot\share\prims\jni.cpp, line 520]
Event: 3.016 Thread 0x000001c46da777e0 Exception <a 'java/lang/NoSuchMethodError'{0x00000000ec18f588}: 'java.lang.Object java.lang.invoke.DirectMethodHandle$Holder.invokeStaticInit(java.lang.Object, int, int, int, int)'> (0x00000000ec18f588) 
thrown [s\src\hotspot\share\interpreter\linkResolver.cpp, line 773]

ZGC Phase Switch (0 events):
No events

VM Operations (20 events):
Event: 2.193 Executing VM operation: HandshakeAllThreads (Deoptimize)
Event: 2.193 Executing VM operation: HandshakeAllThreads (Deoptimize) done
Event: 2.197 Executing VM operation: HandshakeAllThreads (Deoptimize)
Event: 2.197 Executing VM operation: HandshakeAllThreads (Deoptimize) done
Event: 2.211 Executing VM operation: HandshakeAllThreads (Deoptimize)
Event: 2.211 Executing VM operation: HandshakeAllThreads (Deoptimize) done
Event: 2.415 Executing VM operation: ParallelGCFailedAllocation (Allocation Failure)
Event: 2.420 Executing VM operation: ParallelGCFailedAllocation (Allocation Failure) done
Event: 2.637 Executing VM operation: ParallelGCFailedAllocation (Allocation Failure)
Event: 2.640 Executing VM operation: ParallelGCFailedAllocation (Allocation Failure) done
Event: 2.642 Executing VM operation: CollectForMetadataAllocation (Metadata GC Threshold)
Event: 2.665 Executing VM operation: CollectForMetadataAllocation (Metadata GC Threshold) done
Event: 2.893 Executing VM operation: HandshakeAllThreads (Deoptimize)
Event: 2.893 Executing VM operation: HandshakeAllThreads (Deoptimize) done
Event: 2.964 Executing VM operation: HandshakeAllThreads (Deoptimize)
Event: 2.974 Executing VM operation: HandshakeAllThreads (Deoptimize) done
Event: 2.999 Executing VM operation: HandshakeAllThreads (Deoptimize)
Event: 2.999 Executing VM operation: HandshakeAllThreads (Deoptimize) done
Event: 3.031 Executing VM operation: HandshakeAllThreads (Deoptimize)
Event: 3.031 Executing VM operation: HandshakeAllThreads (Deoptimize) done

Memory protections (0 events):
No events

Nmethod flushes (0 events):
No events

Events (20 events):
Event: 0.253 Thread 0x000001c41256bae0 Thread added: 0x000001c46d2f33a0
Event: 1.035 Thread 0x000001c41256bae0 Thread added: 0x000001c46d6f5510
Event: 1.044 Thread 0x000001c46d6f5510 Thread added: 0x000001c46d6e0180
Event: 1.056 Thread 0x000001c41256bae0 Thread added: 0x000001c46d7c5d40
Event: 1.061 Thread 0x000001c41256bae0 Thread added: 0x000001c46d7c63a0
Event: 1.062 Thread 0x000001c41256bae0 Thread added: 0x000001c46d7c6a00
Event: 1.067 Thread 0x000001c41256bae0 Thread added: 0x000001c46d7c7060
Event: 1.085 Thread 0x000001c41256bae0 Thread added: 0x000001c46d9ab650
Event: 1.198 Thread 0x000001c41256bae0 Thread added: 0x000001c46d990ee0
Event: 1.199 Thread 0x000001c41256bae0 Thread added: 0x000001c46da777e0
Event: 1.336 Thread 0x000001c41256bae0 Thread added: 0x000001c46da75da0
Event: 1.541 Thread 0x000001c46da777e0 Thread added: 0x000001c46da76430
Event: 1.651 Thread 0x000001c46da777e0 Thread added: 0x000001c46da76ac0
Event: 2.029 Thread 0x000001c46da777e0 Thread added: 0x000001c46da75080
Event: 2.280 Thread 0x000001c46da777e0 Thread added: 0x000001c46da77150
Event: 2.296 Thread 0x000001c46da777e0 Thread added: 0x000001c46da77e70
Event: 2.566 Thread 0x000001c46d2968a0 Thread exited: 0x000001c46d2968a0
Event: 2.797 Thread 0x000001c4268ef8d0 Thread added: 0x000001c46e04bde0
Event: 2.919 Thread 0x000001c46da777e0 Thread added: 0x000001c46da78500
Event: 3.005 Thread 0x000001c46da78500 Thread exited: 0x000001c46da78500


Dynamic libraries:
0x00007ff7c20e0000 - 0x00007ff7c20ee000 	c:\Users\carlo\.vscode\extensions\redhat.java-1.41.0-win32-x64\jre\21.0.6-win32-x86_64\bin\java.exe
0x00007ff9fff00000 - 0x00007ffa00163000 	C:\WINDOWS\SYSTEM32\ntdll.dll
0x00007ff9fdf00000 - 0x00007ff9fdfc7000 	C:\WINDOWS\System32\KERNEL32.DLL
0x00007ff9fd3f0000 - 0x00007ff9fd7b9000 	C:\WINDOWS\System32\KERNELBASE.dll
0x00007ff9fdbd0000 - 0x00007ff9fdd1c000 	C:\WINDOWS\System32\ucrtbase.dll
0x00007ff9e9da0000 - 0x00007ff9e9db8000 	c:\Users\carlo\.vscode\extensions\redhat.java-1.41.0-win32-x64\jre\21.0.6-win32-x86_64\bin\jli.dll
0x00007ff9e9d80000 - 0x00007ff9e9d9e000 	c:\Users\carlo\.vscode\extensions\redhat.java-1.41.0-win32-x64\jre\21.0.6-win32-x86_64\bin\VCRUNTIME140.dll
0x00007ff9fe430000 - 0x00007ff9fe5fa000 	C:\WINDOWS\System32\USER32.dll
0x00007ff9fd270000 - 0x00007ff9fd297000 	C:\WINDOWS\System32\win32u.dll
0x00007ff9e1ff0000 - 0x00007ff9e2280000 	C:\WINDOWS\WinSxS\amd64_microsoft.windows.common-controls_6595b64144ccf1df_6.0.26100.3323_none_3e088096e3344490\COMCTL32.dll
0x00007ff9fe400000 - 0x00007ff9fe42a000 	C:\WINDOWS\System32\GDI32.dll
0x00007ff9fda00000 - 0x00007ff9fdb31000 	C:\WINDOWS\System32\gdi32full.dll
0x00007ff9ffca0000 - 0x00007ff9ffd49000 	C:\WINDOWS\System32\msvcrt.dll
0x00007ff9fd2a0000 - 0x00007ff9fd343000 	C:\WINDOWS\System32\msvcp_win.dll
0x00007ff9ffc60000 - 0x00007ff9ffc8f000 	C:\WINDOWS\System32\IMM32.DLL
0x00007ff9f9670000 - 0x00007ff9f967c000 	c:\Users\carlo\.vscode\extensions\redhat.java-1.41.0-win32-x64\jre\21.0.6-win32-x86_64\bin\vcruntime140_1.dll
0x00007ff9ba520000 - 0x00007ff9ba5ad000 	c:\Users\carlo\.vscode\extensions\redhat.java-1.41.0-win32-x64\jre\21.0.6-win32-x86_64\bin\msvcp140.dll
0x00007ff9681f0000 - 0x00007ff968f80000 	c:\Users\carlo\.vscode\extensions\redhat.java-1.41.0-win32-x64\jre\21.0.6-win32-x86_64\bin\server\jvm.dll
0x00007ff9fde30000 - 0x00007ff9fdee2000 	C:\WINDOWS\System32\ADVAPI32.dll
0x00007ff9fed30000 - 0x00007ff9fedd6000 	C:\WINDOWS\System32\sechost.dll
0x00007ff9ffda0000 - 0x00007ff9ffeb6000 	C:\WINDOWS\System32\RPCRT4.dll
0x00007ff9fddb0000 - 0x00007ff9fde24000 	C:\WINDOWS\System32\WS2_32.dll
0x00007ff9fcb00000 - 0x00007ff9fcb4e000 	C:\WINDOWS\SYSTEM32\POWRPROF.dll
0x00007ff9eae60000 - 0x00007ff9eae96000 	C:\WINDOWS\SYSTEM32\WINMM.dll
0x00007ff9f4e50000 - 0x00007ff9f4e5b000 	C:\WINDOWS\SYSTEM32\VERSION.dll
0x00007ff9fcae0000 - 0x00007ff9fcaf4000 	C:\WINDOWS\SYSTEM32\UMPDC.dll
0x00007ff9fbee0000 - 0x00007ff9fbefa000 	C:\WINDOWS\SYSTEM32\kernel.appcore.dll
0x00007ff9eff60000 - 0x00007ff9eff6a000 	c:\Users\carlo\.vscode\extensions\redhat.java-1.41.0-win32-x64\jre\21.0.6-win32-x86_64\bin\jimage.dll
0x00007ff9fa820000 - 0x00007ff9faa61000 	C:\WINDOWS\SYSTEM32\DBGHELP.DLL
0x00007ff9ff150000 - 0x00007ff9ff4d2000 	C:\WINDOWS\System32\combase.dll
0x00007ff9fe130000 - 0x00007ff9fe206000 	C:\WINDOWS\System32\OLEAUT32.dll
0x00007ff9e14b0000 - 0x00007ff9e14e9000 	C:\WINDOWS\SYSTEM32\dbgcore.DLL
0x00007ff9fd350000 - 0x00007ff9fd3e9000 	C:\WINDOWS\System32\bcryptPrimitives.dll
0x00007ff9e64a0000 - 0x00007ff9e64af000 	c:\Users\carlo\.vscode\extensions\redhat.java-1.41.0-win32-x64\jre\21.0.6-win32-x86_64\bin\instrument.dll
0x00007ff9d6920000 - 0x00007ff9d693f000 	c:\Users\carlo\.vscode\extensions\redhat.java-1.41.0-win32-x64\jre\21.0.6-win32-x86_64\bin\java.dll
0x00007ff9ff540000 - 0x00007ff9ffc55000 	C:\WINDOWS\System32\SHELL32.dll
0x00007ff9fd100000 - 0x00007ff9fd268000 	C:\WINDOWS\System32\wintypes.dll
0x00007ff9fadc0000 - 0x00007ff9fb605000 	C:\WINDOWS\SYSTEM32\windows.storage.dll
0x00007ff9fe210000 - 0x00007ff9fe2fb000 	C:\WINDOWS\System32\SHCORE.dll
0x00007ff9fef10000 - 0x00007ff9fef6d000 	C:\WINDOWS\System32\shlwapi.dll
0x00007ff9fd010000 - 0x00007ff9fd03f000 	C:\WINDOWS\SYSTEM32\profapi.dll
0x00007ff9def60000 - 0x00007ff9def78000 	c:\Users\carlo\.vscode\extensions\redhat.java-1.41.0-win32-x64\jre\21.0.6-win32-x86_64\bin\zip.dll
0x00007ff9e41e0000 - 0x00007ff9e41f0000 	C:\Users\carlo\.vscode\extensions\redhat.java-1.41.0-win32-x64\jre\21.0.6-win32-x86_64\bin\net.dll
0x00007ff9f5540000 - 0x00007ff9f565e000 	C:\WINDOWS\SYSTEM32\WINHTTP.dll
0x00007ff9fc3e0000 - 0x00007ff9fc44a000 	C:\WINDOWS\system32\mswsock.dll
0x00007ff9def40000 - 0x00007ff9def56000 	C:\Users\carlo\.vscode\extensions\redhat.java-1.41.0-win32-x64\jre\21.0.6-win32-x86_64\bin\nio.dll
0x00007ff9e39a0000 - 0x00007ff9e39b0000 	c:\Users\carlo\.vscode\extensions\redhat.java-1.41.0-win32-x64\jre\21.0.6-win32-x86_64\bin\verify.dll
0x00007ff9cda70000 - 0x00007ff9cdab5000 	C:\Users\carlo\AppData\Roaming\Code\User\globalStorage\redhat.java\1.41.0\config_ss_win\org.eclipse.equinox.launcher\org.eclipse.equinox.launcher.win32.win32.x86_64_1.2.1300.v20250325-0811\eclipse_11911.dll
0x00007ff9fe600000 - 0x00007ff9fe795000 	C:\WINDOWS\System32\ole32.dll
0x00007ff9fc790000 - 0x00007ff9fc7ac000 	C:\WINDOWS\SYSTEM32\CRYPTSP.dll
0x00007ff9fbe40000 - 0x00007ff9fbe7a000 	C:\WINDOWS\system32\rsaenh.dll
0x00007ff9fc480000 - 0x00007ff9fc4ab000 	C:\WINDOWS\SYSTEM32\USERENV.dll
0x00007ff9fc9b0000 - 0x00007ff9fc9d6000 	C:\WINDOWS\SYSTEM32\bcrypt.dll
0x00007ff9fc610000 - 0x00007ff9fc61c000 	C:\WINDOWS\SYSTEM32\CRYPTBASE.dll
0x00007ff9fb900000 - 0x00007ff9fb933000 	C:\WINDOWS\SYSTEM32\IPHLPAPI.DLL
0x00007ff9fe830000 - 0x00007ff9fe83a000 	C:\WINDOWS\System32\NSI.dll

dbghelp: loaded successfully - version: 4.0.5 - missing functions: none
symbol engine: initialized successfully - sym options: 0x614 - pdb path: .;c:\Users\carlo\.vscode\extensions\redhat.java-1.41.0-win32-x64\jre\21.0.6-win32-x86_64\bin;C:\WINDOWS\SYSTEM32;C:\WINDOWS\WinSxS\amd64_microsoft.windows.common-controls_6595b64144ccf1df_6.0.26100.3323_none_3e088096e3344490;c:\Users\carlo\.vscode\extensions\redhat.java-1.41.0-win32-x64\jre\21.0.6-win32-x86_64\bin\server;C:\Users\carlo\AppData\Roaming\Code\User\globalStorage\redhat.java\1.41.0\config_ss_win\org.eclipse.equinox.launcher\org.eclipse.equinox.launcher.win32.win32.x86_64_1.2.1300.v20250325-0811

VM Arguments:
jvm_args: --add-modules=ALL-SYSTEM --add-opens=java.base/java.util=ALL-UNNAMED --add-opens=java.base/java.lang=ALL-UNNAMED --add-opens=java.base/sun.nio.fs=ALL-UNNAMED -Declipse.application=org.eclipse.jdt.ls.core.id1 -Dosgi.bundles.defaultStartLevel=4 -Declipse.product=org.eclipse.jdt.ls.core.product -Djava.import.generatesMetadataFilesAtProjectRoot=false -DDetectVMInstallationsJob.disabled=true -Dfile.encoding=utf8 -XX:+UseParallelGC -XX:GCTimeRatio=4 -XX:AdaptiveSizePolicyWeight=90 -Dsun.zip.disableMemoryMapping=true -Xmx1G -Xms100m -Xlog:disable -javaagent:c:\Users\carlo\.vscode\extensions\redhat.java-1.41.0-win32-x64\lombok\lombok-1.18.36.jar 
java_command: c:\Users\carlo\.vscode\extensions\redhat.java-1.41.0-win32-x64\server\plugins\org.eclipse.equinox.launcher_1.6.1100.v20250306-0509.jar -configuration c:\Users\carlo\AppData\Roaming\Code\User\globalStorage\redhat.java\1.41.0\config_ss_win -data c:\Users\carlo\AppData\Roaming\Code\User\workspaceStorage\94264760f8226b576614787c624585c3\redhat.java\ss_ws --pipe=\\.\pipe\lsp-0cb0ad05a8061ab9d149a5cd02500967-sock
java_class_path (initial): c:\Users\carlo\.vscode\extensions\redhat.java-1.41.0-win32-x64\server\plugins\org.eclipse.equinox.launcher_1.6.1100.v20250306-0509.jar
Launcher Type: SUN_STANDARD

[Global flags]
    uintx AdaptiveSizePolicyWeight                 = 90                                        {product} {command line}
     intx CICompilerCount                          = 3                                         {product} {ergonomic}
    uintx GCTimeRatio                              = 4                                         {product} {command line}
   size_t InitialHeapSize                          = 104857600                                 {product} {command line}
   size_t MaxHeapSize                              = 1073741824                                {product} {command line}
   size_t MaxNewSize                               = 357564416                                 {product} {ergonomic}
   size_t MinHeapDeltaBytes                        = 524288                                    {product} {ergonomic}
   size_t MinHeapSize                              = 104857600                                 {product} {command line}
   size_t NewSize                                  = 34603008                                  {product} {ergonomic}
    uintx NonNMethodCodeHeapSize                   = 5832780                                {pd product} {ergonomic}
    uintx NonProfiledCodeHeapSize                  = 122912730                              {pd product} {ergonomic}
   size_t OldSize                                  = 70254592                                  {product} {ergonomic}
    uintx ProfiledCodeHeapSize                     = 122912730                              {pd product} {ergonomic}
    uintx ReservedCodeCacheSize                    = 251658240                              {pd product} {ergonomic}
     bool SegmentedCodeCache                       = true                                      {product} {ergonomic}
   size_t SoftMaxHeapSize                          = 1073741824                             {manageable} {ergonomic}
     bool UseCompressedOops                        = true                           {product lp64_product} {ergonomic}
     bool UseLargePagesIndividualAllocation        = false                                  {pd product} {ergonomic}
     bool UseParallelGC                            = true                                      {product} {command line}

Logging:
Log output configuration:
 #0: stdout all=off uptime,level,tags foldmultilines=false
 #1: stderr all=off uptime,level,tags foldmultilines=false

Environment Variables:
PATH=C:\Program Files\Common Files\Oracle\Java\javapath;C:\Program Files\NVIDIA GPU Computing Toolkit\CUDA\v12.6\bin;C:\Program Files\NVIDIA GPU Computing Toolkit\CUDA\v12.6\libnvvp;C:\WINDOWS\system32;C:\WINDOWS;C:\WINDOWS\System32\Wbem;C:\WINDOWS\System32\WindowsPowerShell\v1.0\;C:\WINDOWS\System32\OpenSSH\;C:\Program Files\Docker\Docker\resources\bin;C:\Program Files\NVIDIA Corporation\NVIDIA app\NvDLISR;C:\Program Files (x86)\NVIDIA Corporation\PhysX\Common;C:\Program Files\Git\cmd;C:\Program Files\NVIDIA Corporation\Nsight Compute 2024.3.2\;C:\Users\carlo\AppData\Local\nvm;C:\nvm4w\nodejs;C:\Users\carlo\.cargo\bin;C:\Users\carlo\AppData\Local\Programs\Python\Python313\Scripts\;C:\Users\carlo\AppData\Local\Programs\Python\Python313\;C:\Users\carlo\AppData\Local\Microsoft\WindowsApps;D:\PyCharm 2024.3.1.1\bin;;D:\Microsoft VS Code\bin;C:\Users\carlo\AppData\Roaming\npm;C:\Users\carlo\.pyenv\pyenv-win\bin;C:\Users\carlo\.pyenv\pyenv-win\shims;C:\Users\carlo\AppData\Local\Programs\mongosh\;C:\Users\carlo\AppData\Local\nvm;C:\nvm4w\nodejs
USERNAME=carlo
OS=Windows_NT
PROCESSOR_IDENTIFIER=Intel64 Family 6 Model 158 Stepping 10, GenuineIntel
TMP=C:\Users\carlo\AppData\Local\Temp
TEMP=C:\Users\carlo\AppData\Local\Temp




Periodic native trim disabled

---------------  S Y S T E M  ---------------

OS:
 Windows 11 , 64 bit Build 26100 (10.0.26100.3323)
OS uptime: 3 days 12:30 hours
Hyper-V role detected

CPU: total 6 (initial active 6) (6 cores per cpu, 1 threads per core) family 6 model 158 stepping 10 microcode 0xf0, cx8, cmov, fxsr, mmx, 3dnowpref, sse, sse2, sse3, ssse3, sse4.1, sse4.2, popcnt, lzcnt, tsc, tscinvbit, avx, avx2, aes, erms, clmul, bmi1, bmi2, adx, fma, vzeroupper, clflush, clflushopt, hv, rdtscp, f16c
Processor Information for the first 6 processors :
  Max Mhz: 2904, Current Mhz: 2904, Mhz Limit: 2904

Memory: 4k page, system-wide physical 16325M (1532M free)
TotalPageFile size 27153M (AvailPageFile size 3M)
current process WorkingSet (physical memory assigned to process): 145M, peak: 145M
current process commit charge ("private bytes"): 238M, peak: 239M

vm_info: OpenJDK 64-Bit Server VM (21.0.6+7-LTS) for windows-amd64 JRE (21.0.6+7-LTS), built on 2025-01-21T00:00:00Z by "admin" with MS VC++ 17.7 (VS2022)

END.
